
... logging to /root/.ros/log/6053d256-47ba-11e8-bd81-ec086b0a6d0b/roslaunch-mrrobot-3492.log
Checking log directory for disk usage. This may take awhile.
Press Ctrl-C to interrupt
Done checking log file disk usage. Usage is <1GB.
]2;/home/mrrobot/ilias_ws/src/cepheus_robot/launch/launch_cepheus_robot.launch
[1mstarted roslaunch server http://192.168.1.103:41627/[0m

SUMMARY
========

PARAMETERS
 * /base_controller/kd_gain_ang: 1.24035
 * /base_controller/kd_gain_lin: 12.0
 * /base_controller/kp_gain_ang: 1.0
 * /base_controller/kp_gain_lin: 1.2
 * /base_controller/loop_rate: 400.0
 * /base_controller/use_reaction_wheel: True
 * /base_controller/use_with_planner: True
 * /base_planner/probe_offset: 0.523
 * /base_planner/target_accel: 0.005
 * /base_planner/target_speed: 0.02
 * /base_planner/time_step: 0.01
 * /cepheus_interface_node/left_elbow_limit_pos: 1.5
 * /cepheus_interface_node/left_shoulder_limit_pos: 2.59
 * /cepheus_interface_node/loop_rate: 200.0
 * /cepheus_interface_node/max_motor_current: 2.0
 * /cepheus_interface_node/rw_max_power: 30
 * /cepheus_interface_node/rw_max_speed: 400
 * /cepheus_interface_node/rw_max_torque: 0.02
 * /cepheus_interface_node/rw_total_inertia: 0.00197265
 * /cepheus_interface_node/thruster_force: 0.5
 * /cepheus_state_publisher/publish_frequency: 100
 * /controllers_to_spawn: joint_state_publi...
 * /joint_state_publisher/publish_rate: 50.0
 * /joint_state_publisher/type: joint_state_contr...
 * /left_elbow_position_controller/joint: left_elbow
 * /left_elbow_position_controller/pid/d: 0.02
 * /left_elbow_position_controller/pid/i: 0.0
 * /left_elbow_position_controller/pid/i_clamp: 0.0
 * /left_elbow_position_controller/pid/p: 0.1
 * /left_elbow_position_controller/type: effort_controller...
 * /left_gripper_position_controller/joint: left_finger_joint
 * /left_gripper_position_controller/type: position_controll...
 * /left_manipulator_trajectory_controller/gains/left_elbow/d: 0.01
 * /left_manipulator_trajectory_controller/gains/left_elbow/i: 0.0
 * /left_manipulator_trajectory_controller/gains/left_elbow/i_clamp: 0.0
 * /left_manipulator_trajectory_controller/gains/left_elbow/p: 0.1
 * /left_manipulator_trajectory_controller/gains/left_shoulder/d: 0.01
 * /left_manipulator_trajectory_controller/gains/left_shoulder/i: 0.0
 * /left_manipulator_trajectory_controller/gains/left_shoulder/i_clamp: 0.0
 * /left_manipulator_trajectory_controller/gains/left_shoulder/p: 0.1
 * /left_manipulator_trajectory_controller/joints: ['left_shoulder',...
 * /left_manipulator_trajectory_controller/type: effort_controller...
 * /left_shoulder_position_controller/joint: left_shoulder
 * /left_shoulder_position_controller/pid/d: 0.02
 * /left_shoulder_position_controller/pid/i: 0.0
 * /left_shoulder_position_controller/pid/i_clamp: 0.0
 * /left_shoulder_position_controller/pid/p: 0.1
 * /left_shoulder_position_controller/type: effort_controller...
 * /left_wrist_position_controller/joint: left_wrist
 * /left_wrist_position_controller/type: position_controll...
 * /reaction_wheel_effort_controller/joint: reaction_wheel_joint
 * /reaction_wheel_effort_controller/pid/d: 0.0
 * /reaction_wheel_effort_controller/pid/i: 0.0
 * /reaction_wheel_effort_controller/pid/i_clamp: 0.0
 * /reaction_wheel_effort_controller/pid/p: 1.0
 * /reaction_wheel_effort_controller/type: effort_controller...
 * /reaction_wheel_position_controller/joint: reaction_wheel_joint
 * /reaction_wheel_position_controller/pid/d: 0.1
 * /reaction_wheel_position_controller/pid/i: 0.0
 * /reaction_wheel_position_controller/pid/i_clamp: 0.0
 * /reaction_wheel_position_controller/pid/p: 1.0
 * /reaction_wheel_position_controller/type: effort_controller...
 * /reaction_wheel_velocity_controller/joint: reaction_wheel_joint
 * /reaction_wheel_velocity_controller/pid/d: 0.0
 * /reaction_wheel_velocity_controller/pid/i: 0.0
 * /reaction_wheel_velocity_controller/pid/i_clamp: 0.05
 * /reaction_wheel_velocity_controller/pid/p: -0.05
 * /reaction_wheel_velocity_controller/type: effort_controller...
 * /robot_description: <?xml version="1....
 * [0m[ INFO] [1524572761.490877014]: max_current[0]=1.720000[0m
[0m[ INFO] [1524572761.490946015]: max_current[1]=3.100000[0m
[0m[ INFO] [1524572761.490966199]: max_current[2]=3.100000[0m
[0m[ INFO] [1524572761.490985196]: max_current[3]=3.100000[0m
[0m[ INFO] [1524572761.491004541]: max_current[4]=3.100000[0m
[0m[ INFO] [1524572761.491029614]: max_current[5]=3.100000[0m
[0m[ INFO] [1524572761.491047563]: max_current[6]=3.100000[0m
[0m[ INFO] [1524572761.491065581]: max_current[7]=3.100000[0m
[0m[ INFO] [1524572762.154079148]: Controller manager: reloaded controller libraries for controller_interface::ControllerBase[0m
